<?xml version="1.0" encoding="UTF-8"?>
<!-- Generated by org.testng.reporters.JUnitReportReporter -->
<testsuite hostname="LAPTOP-NMD4UAIQ" failures="0" tests="4" name="com.pageTestpkg.HomePageTest" time="19.970" errors="0" timestamp="2023-04-06T13:05:43 CDT" skipped="0">
  <testcase classname="com.pageTestpkg.HomePageTest" name="TestTitle" time="5.262"/>
  <system-out/>
  <testcase classname="com.pageTestpkg.HomePageTest" name="verifywblLogoTest" time="5.794"/>
  <system-out/>
  <testcase classname="com.pageTestpkg.HomePageTest" name="verifyStudntTest" time="4.194"/>
  <system-out/>
  <testcase classname="com.pageTestpkg.HomePageTest" name="Testloginbtn" time="4.720"/>
  <system-out/>
</testsuite> <!-- com.pageTestpkg.HomePageTest -->
