<?xml version="1.0" encoding="UTF-8"?>
<!-- Generated by org.testng.reporters.JUnitReportReporter -->
<testsuite hostname="LAPTOP-NMD4UAIQ" failures="0" tests="7" name="com.pageTestpkg.LoginpageTest" time="35.590" errors="0" timestamp="2023-04-06T13:05:43 CDT" skipped="0">
  <testcase classname="com.pageTestpkg.LoginpageTest" name="LoginDataTest" time="5.135"/>
  <system-out/>
  <testcase classname="com.pageTestpkg.LoginpageTest" name="LoginDataTest" time="4.948"/>
  <system-out/>
  <testcase classname="com.pageTestpkg.LoginpageTest" name="LoginDataTest" time="5.116"/>
  <system-out/>
  <testcase classname="com.pageTestpkg.LoginpageTest" name="LoginDataTest" time="5.031"/>
  <system-out/>
  <testcase classname="com.pageTestpkg.LoginpageTest" name="LoginDataTest" time="5.383"/>
  <system-out/>
  <testcase classname="com.pageTestpkg.LoginpageTest" name="validatelogintitlTest" time="4.972"/>
  <system-out/>
  <testcase classname="com.pageTestpkg.LoginpageTest" name="loginTest" time="5.005"/>
  <system-out/>
</testsuite> <!-- com.pageTestpkg.LoginpageTest -->
