<?xml version="1.0" encoding="UTF-8"?>
<!-- Generated by org.testng.reporters.JUnitReportReporter -->
<testsuite hostname="LAPTOP-NMD4UAIQ" failures="0" tests="2" name="com.pageTestpkg.LandingpageTest" time="10.387" errors="0" timestamp="2023-04-06T13:05:43 CDT" skipped="0">
  <testcase classname="com.pageTestpkg.LandingpageTest" name="Testwbl" time="5.259"/>
  <system-out/>
  <testcase classname="com.pageTestpkg.LandingpageTest" name="Testmailid" time="5.128"/>
  <system-out/>
</testsuite> <!-- com.pageTestpkg.LandingpageTest -->
